# JRE version: Java(TM) SE Runtime Environment (7.0_51-b13) (build 1.7.0_51-b13)
# Java VM: Java HotSpot(TM) 64-Bit Server VM (24.51-b03 mixed mode windows-amd64 compressed oops)
Heap
 PSYoungGen      total 275968K, used 153842K [0x00000007d6e00000, 0x00000007f3f80000, 0x0000000800000000)
  eden space 242688K, 49% used [0x00000007d6e00000,0x00000007de3bcd28,0x00000007e5b00000)
  from space 33280K, 99% used [0x00000007e5b00000,0x00000007e7b7fbd0,0x00000007e7b80000)
  to   space 44032K, 0% used [0x00000007f1480000,0x00000007f1480000,0x00000007f3f80000)
 ParOldGen       total 83968K, used 51495K [0x0000000784a00000, 0x0000000789c00000, 0x00000007d6e00000)
  object space 83968K, 61% used [0x0000000784a00000,0x0000000787c49de8,0x0000000789c00000)
 PSPermGen       total 39936K, used 39561K [0x000000077f800000, 0x0000000781f00000, 0x0000000784a00000)
  object space 39936K, 99% used [0x000000077f800000,0x0000000781ea25b0,0x0000000781f00000)
GC Heap History (10 events):
Event: 4.728 GC heap before
{Heap before GC invocations=5 (full 0):
 PSYoungGen      total 69632K, used 69402K [0x00000007d6e00000, 0x00000007db700000, 0x0000000800000000)
  eden space 64512K, 99% used [0x00000007d6e00000,0x00000007daccc8f8,0x00000007dad00000)
  from space 5120K, 99% used [0x00000007db200000,0x00000007db6fa020,0x00000007db700000)
  to   space 5120K, 0% used [0x00000007dad00000,0x00000007dad00000,0x00000007db200000)
 ParOldGen       total 83968K, used 6939K [0x0000000784a00000, 0x0000000789c00000, 0x00000007d6e00000)
  object space 83968K, 8% used [0x0000000784a00000,0x00000007850c6fa8,0x0000000789c00000)
 PSPermGen       total 21504K, used 19191K [0x000000077f800000, 0x0000000780d00000, 0x0000000784a00000)
  object space 21504K, 89% used [0x000000077f800000,0x0000000780abdf28,0x0000000780d00000)
Event: 4.747 GC heap after
Heap after GC invocations=5 (full 0):
 PSYoungGen      total 69632K, used 5096K [0x00000007d6e00000, 0x00000007e0300000, 0x0000000800000000)
  eden space 64512K, 0% used [0x00000007d6e00000,0x00000007d6e00000,0x00000007dad00000)
  from space 5120K, 99% used [0x00000007dad00000,0x00000007db1fa020,0x00000007db200000)
  to   space 11776K, 0% used [0x00000007df780000,0x00000007df780000,0x00000007e0300000)
 ParOldGen       total 83968K, used 12713K [0x0000000784a00000, 0x0000000789c00000, 0x00000007d6e00000)
  object space 83968K, 15% used [0x0000000784a00000,0x000000078566a7a8,0x0000000789c00000)
 PSPermGen       total 21504K, used 19191K [0x000000077f800000, 0x0000000780d00000, 0x0000000784a00000)
  object space 21504K, 89% used [0x000000077f800000,0x0000000780abdf28,0x0000000780d00000)
}
Event: 6.064 GC heap before
{Heap before GC invocations=6 (full 0):
 PSYoungGen      total 69632K, used 69608K [0x00000007d6e00000, 0x00000007e0300000, 0x0000000800000000)
  eden space 64512K, 100% used [0x00000007d6e00000,0x00000007dad00000,0x00000007dad00000)
  from space 5120K, 99% used [0x00000007dad00000,0x00000007db1fa020,0x00000007db200000)
  to   space 11776K, 0% used [0x00000007df780000,0x00000007df780000,0x00000007e0300000)
 ParOldGen       total 83968K, used 12713K [0x0000000784a00000, 0x0000000789c00000, 0x00000007d6e00000)
  object space 83968K, 15% used [0x0000000784a00000,0x000000078566a7a8,0x0000000789c00000)
 PSPermGen       total 25088K, used 24601K [0x000000077f800000, 0x0000000781080000, 0x0000000784a00000)
  object space 25088K, 98% used [0x000000077f800000,0x00000007810065a8,0x0000000781080000)
Event: 6.092 GC heap after
Heap after GC invocations=6 (full 0):
 PSYoungGen      total 136704K, used 11762K [0x00000007d6e00000, 0x00000007e0b00000, 0x0000000800000000)
  eden space 124928K, 0% used [0x00000007d6e00000,0x00000007d6e00000,0x00000007de800000)
  from space 11776K, 99% used [0x00000007df780000,0x00000007e02fc930,0x00000007e0300000)
  to   space 15872K, 0% used [0x00000007de800000,0x00000007de800000,0x00000007df780000)
 ParOldGen       total 83968K, used 16741K [0x0000000784a00000, 0x0000000789c00000, 0x00000007d6e00000)
  object space 83968K, 19% used [0x0000000784a00000,0x0000000785a59658,0x0000000789c00000)
 PSPermGen       total 25088K, used 24601K [0x000000077f800000, 0x0000000781080000, 0x0000000784a00000)
  object space 25088K, 98% used [0x000000077f800000,0x00000007810065a8,0x0000000781080000)
}
Event: 7.397 GC heap before
{Heap before GC invocations=7 (full 0):
 PSYoungGen      total 136704K, used 136690K [0x00000007d6e00000, 0x00000007e0b00000, 0x0000000800000000)
  eden space 124928K, 100% used [0x00000007d6e00000,0x00000007de800000,0x00000007de800000)
  from space 11776K, 99% used [0x00000007df780000,0x00000007e02fc930,0x00000007e0300000)
  to   space 15872K, 0% used [0x00000007de800000,0x00000007de800000,0x00000007df780000)
 ParOldGen       total 83968K, used 16741K [0x0000000784a00000, 0x0000000789c00000, 0x00000007d6e00000)
  object space 83968K, 19% used [0x0000000784a00000,0x0000000785a59658,0x0000000789c00000)
 PSPermGen       total 26624K, used 26234K [0x000000077f800000, 0x0000000781200000, 0x0000000784a00000)
  object space 26624K, 98% used [0x000000077f800000,0x000000078119e8e8,0x0000000781200000)
Event: 7.429 GC heap after
Heap after GC invocations=7 (full 0):
 PSYoungGen      total 140800K, used 15865K [0x00000007d6e00000, 0x00000007e9500000, 0x0000000800000000)
  eden space 124928K, 0% used [0x00000007d6e00000,0x00000007d6e00000,0x00000007de800000)
  from space 15872K, 99% used [0x00000007de800000,0x00000007df77e7a8,0x00000007df780000)
  to   space 26112K, 0% used [0x00000007e7b80000,0x00000007e7b80000,0x00000007e9500000)
 ParOldGen       total 83968K, used 32147K [0x0000000784a00000, 0x0000000789c00000, 0x00000007d6e00000)
  object space 83968K, 38% used [0x0000000784a00000,0x0000000786964c38,0x0000000789c00000)
 PSPermGen       total 26624K, used 26234K [0x000000077f800000, 0x0000000781200000, 0x0000000784a00000)
  object space 26624K, 98% used [0x000000077f800000,0x000000078119e8e8,0x0000000781200000)
}
Event: 8.000 GC heap before
{Heap before GC invocations=8 (full 0):
 PSYoungGen      total 140800K, used 140793K [0x00000007d6e00000, 0x00000007e9500000, 0x0000000800000000)
  eden space 124928K, 100% used [0x00000007d6e00000,0x00000007de800000,0x00000007de800000)
  from space 15872K, 99% used [0x00000007de800000,0x00000007df77e7a8,0x00000007df780000)
  to   space 26112K, 0% used [0x00000007e7b80000,0x00000007e7b80000,0x00000007e9500000)
 ParOldGen       total 83968K, used 32147K [0x0000000784a00000, 0x0000000789c00000, 0x00000007d6e00000)
  object space 83968K, 38% used [0x0000000784a00000,0x0000000786964c38,0x0000000789c00000)
 PSPermGen       total 26624K, used 26265K [0x000000077f800000, 0x0000000781200000, 0x0000000784a00000)
  object space 26624K, 98% used [0x000000077f800000,0x00000007811a6468,0x0000000781200000)
Event: 8.034 GC heap after
Heap after GC invocations=8 (full 0):
 PSYoungGen      total 268800K, used 26111K [0x00000007d6e00000, 0x00000007ea300000, 0x0000000800000000)
  eden space 242688K, 0% used [0x00000007d6e00000,0x00000007d6e00000,0x00000007e5b00000)
  from space 26112K, 99% used [0x00000007e7b80000,0x00000007e94ffd78,0x00000007e9500000)
  to   space 33280K, 0% used [0x00000007e5b00000,0x00000007e5b00000,0x00000007e7b80000)
 ParOldGen       total 83968K, used 38785K [0x0000000784a00000, 0x0000000789c00000, 0x00000007d6e00000)
  object space 83968K, 46% used [0x0000000784a00000,0x0000000786fe0698,0x0000000789c00000)
 PSPermGen       total 26624K, used 26265K [0x000000077f800000, 0x0000000781200000, 0x0000000784a00000)
  object space 26624K, 98% used [0x000000077f800000,0x00000007811a6468,0x0000000781200000)
}
Event: 9.226 GC heap before
{Heap before GC invocations=9 (full 0):
 PSYoungGen      total 268800K, used 268799K [0x00000007d6e00000, 0x00000007ea300000, 0x0000000800000000)
  eden space 242688K, 100% used [0x00000007d6e00000,0x00000007e5b00000,0x00000007e5b00000)
  from space 26112K, 99% used [0x00000007e7b80000,0x00000007e94ffd78,0x00000007e9500000)
  to   space 33280K, 0% used [0x00000007e5b00000,0x00000007e5b00000,0x00000007e7b80000)
 ParOldGen       total 83968K, used 38785K [0x0000000784a00000, 0x0000000789c00000, 0x00000007d6e00000)
  object space 83968K, 46% used [0x0000000784a00000,0x0000000786fe0698,0x0000000789c00000)
 PSPermGen       total 27136K, used 26915K [0x000000077f800000, 0x0000000781280000, 0x0000000784a00000)
  object space 27136K, 99% used [0x000000077f800000,0x0000000781248e98,0x0000000781280000)
Event: 9.264 GC heap after
Heap after GC invocations=9 (full 0):
 PSYoungGen      total 275968K, used 33278K [0x00000007d6e00000, 0x00000007f3f80000, 0x0000000800000000)
  eden space 242688K, 0% used [0x00000007d6e00000,0x00000007d6e00000,0x00000007e5b00000)
  from space 33280K, 99% used [0x00000007e5b00000,0x00000007e7b7fbd0,0x00000007e7b80000)
  to   space 44032K, 0% used [0x00000007f1480000,0x00000007f1480000,0x00000007f3f80000)
 ParOldGen       total 83968K, used 51495K [0x0000000784a00000, 0x0000000789c00000, 0x00000007d6e00000)
  object space 83968K, 61% used [0x0000000784a00000,0x0000000787c49de8,0x0000000789c00000)
 PSPermGen       total 27136K, used 26915K [0x000000077f800000, 0x0000000781280000, 0x0000000784a00000)
  object space 27136K, 99% used [0x000000077f800000,0x0000000781248e98,0x0000000781280000)
}

